<?xml version="1.0" encoding="UTF-8"?>
<!-- Generated by org.testng.reporters.JUnitReportReporter -->
<testsuite hostname="EGDM1-MEMAD" failures="0" tests="1" name="Tests.TestBase" time="4.788" errors="0" timestamp="03 Jun 2018 13:05:41 GMT" skipped="0">
  <testcase classname="Tests.TestBase" name="Intilize" time="4.788"/>
</testsuite> <!-- Tests.TestBase -->
